<?xml version="1.0" encoding="UTF-8"?>
<!-- Generated by org.testng.reporters.JUnitReportReporter -->
<testsuite hostname="DESKTOP-7PKK86M" failures="0" tests="8" name="com.testcases.BankManagerModule" time="7.311" errors="0" timestamp="2023-05-16T10:01:53 IST" skipped="0">
  <testcase classname="com.testcases.BankManagerModule" name="customerModule" time="0.017"/>
  <system-out/>
  <testcase classname="com.testcases.BankManagerModule" name="clickOnBMLogin" time="2.048"/>
  <system-out/>
  <testcase classname="com.testcases.BankManagerModule" name="clickOnAddCustomer" time="0.841"/>
  <system-out/>
  <testcase classname="com.testcases.BankManagerModule" name="enterTheDetails" time="0.750"/>
  <system-out/>
  <testcase classname="com.testcases.BankManagerModule" name="clickonOpenAccountab" time="0.793"/>
  <system-out/>
  <testcase classname="com.testcases.BankManagerModule" name="clickOnSubmitDetails" time="0.549"/>
  <system-out/>
  <testcase classname="com.testcases.BankManagerModule" name="clickOnOpenAccount" time="1.397"/>
  <system-out/>
  <testcase classname="com.testcases.BankManagerModule" name="clickOnCustomersList" time="0.916"/>
  <system-out/>
</testsuite> <!-- com.testcases.BankManagerModule -->
