<?xml version="1.0" encoding="UTF-8"?>
<!-- Generated by org.testng.reporters.JUnitReportReporter -->
<testsuite hostname="DESKTOP-7PKK86M" failures="0" tests="3" name="com.testcases.LaunchURL" time="3.648" errors="0" timestamp="2023-05-16T10:28:53 IST" skipped="0">
  <testcase classname="com.testcases.LaunchURL" name="launchURL" time="0.021"/>
  <system-out/>
  <testcase classname="com.testcases.LaunchURL" name="clickOnCustomer" time="3.430"/>
  <system-out/>
  <testcase classname="com.testcases.LaunchURL" name="clickOnHome" time="0.197"/>
  <system-out/>
</testsuite> <!-- com.testcases.LaunchURL -->
